1601470930963	geckodriver	INFO	Listening on 127.0.0.1:52269
1601470934093	mozrunner::runner	INFO	Running command: "C:\\Program Files\\Mozilla Firefox\\firefox.exe" "--marionette" "-foreground" "-no-remote" "-profile" "C:\\Users\\MY\\AppData\\Local\\Temp\\rust_mozprofileDIhtbq"
JavaScript error: resource://gre/modules/XULStore.jsm, line 66: Error: Can't find profile directory.
console.error: SearchCache: "_readCacheFile: Error reading cache file:" (new Error("", "(unknown module)"))
[Parent 7016, Gecko_IOThread] WARNING: file /builds/worker/checkouts/gecko/ipc/chromium/src/base/process_util_win.cc, line 166
[Parent 7016, Gecko_IOThread] WARNING: file /builds/worker/checkouts/gecko/ipc/chromium/src/base/process_util_win.cc, line 166
1601470972027	Marionette	INFO	Listening on port 52282
1601470972649	Marionette	WARN	TLS certificate errors will be ignored for this session
console.error: Region.jsm: "Error fetching region" (new AbortError("The operation was aborted. ", (void 0), 697))
console.error: Region.jsm: "Failed to fetch region" (new Error("NO_RESULT", "resource://gre/modules/Region.jsm", 351))
JavaScript warning: https://pagead2.googlesyndication.com/bg/LfFQ5hcFG3hXPsOLdOnrUHUTGTSsMRvOgIlCDTigNb8.js line 1 > eval line 7421 > eval, line 1: WebGL warning: <Create>: getContext: Disallowing antialiased backbuffers due to blacklisting. (FEATURE_FAILURE_DL_BLOCKLIST_g1068)
Can't find symbol 'eglSwapBuffersWithDamageEXT'.
console.warn: LoginRecipes: "getRecipes: falling back to a synchronous message for:" "https://www.rahulshettyacademy.com"
IPDL protocol error: Handler returned error code!

###!!! [Parent][DispatchAsyncMessage] Error: PLayerTransaction::Msg_ReleaseLayer Processing error: message was deserialized, but the handler returned false (indicating failure)

IPDL protocol error: Handler returned error code!

###!!! [Parent][DispatchAsyncMessage] Error: PLayerTransaction::Msg_ReleaseLayer Processing error: message was deserialized, but the handler returned false (indicating failure)

IPDL protocol error: Handler returned error code!

###!!! [Parent][DispatchAsyncMessage] Error: PLayerTransaction::Msg_ReleaseLayer Processing error: message was deserialized, but the handler returned false (indicating failure)

IPDL protocol error: Handler returned error code!

###!!! [Parent][DispatchAsyncMessage] Error: PLayerTransaction::Msg_ReleaseLayer Processing error: message was deserialized, but the handler returned false (indicating failure)

IPDL protocol error: Handler returned error code!

###!!! [Parent][DispatchAsyncMessage] Error: PLayerTransaction::Msg_ReleaseLayer Processing error: message was deserialized, but the handler returned false (indicating failure)

IPDL protocol error: Handler returned error code!

###!!! [Parent][DispatchAsyncMessage] Error: PLayerTransaction::Msg_ReleaseLayer Processing error: message was deserialized, but the handler returned false (indicating failure)

IPDL protocol error: Handler returned error code!

###!!! [Parent][DispatchAsyncMessage] Error: PLayerTransaction::Msg_ReleaseLayer Processing error: message was deserialized, but the handler returned false (indicating failure)


###!!! [Parent][MessageChannel] Error: (msgtype=0x1D0011,name=PBackgroundStorage::Msg_Observe) Channel error: cannot send/recv

1601471224703	Marionette	INFO	Stopped listening on port 52282

###!!! [Child][RunMessage] Error: Channel closing: too late to send/recv, messages will be lost

1601471236134	geckodriver	INFO	Listening on 127.0.0.1:52661
1601471239160	mozrunner::runner	INFO	Running command: "C:\\Program Files\\Mozilla Firefox\\firefox.exe" "--marionette" "-foreground" "-no-remote" "-profile" "C:\\Users\\MY\\AppData\\Local\\Temp\\rust_mozprofileYFaUXl"
JavaScript error: resource://gre/modules/XULStore.jsm, line 66: Error: Can't find profile directory.
console.error: SearchCache: "_readCacheFile: Error reading cache file:" (new Error("", "(unknown module)"))
1601471248580	Marionette	INFO	Listening on port 52673
1601471248943	Marionette	WARN	TLS certificate errors will be ignored for this session
console.error: Region.jsm: "Error fetching region" (new AbortError("The operation was aborted. ", (void 0), 697))
console.error: Region.jsm: "Failed to fetch region" (new Error("NO_RESULT", "resource://gre/modules/Region.jsm", 351))
JavaScript warning: https://pagead2.googlesyndication.com/bg/LfFQ5hcFG3hXPsOLdOnrUHUTGTSsMRvOgIlCDTigNb8.js line 1 > eval line 3949 > eval, line 1: WebGL warning: <Create>: getContext: Disallowing antialiased backbuffers due to blacklisting. (FEATURE_FAILURE_DL_BLOCKLIST_g1068)
Can't find symbol 'eglSwapBuffersWithDamageEXT'.
1601471277855	Marionette	INFO	Stopped listening on port 52673

###!!! [Child][RunMessage] Error: Channel closing: too late to send/recv, messages will be lost


###!!! [Child][MessageChannel::SendAndWait] Error: Channel error: cannot send/recv

1601536990344	geckodriver	INFO	Listening on 127.0.0.1:50530
1601536993386	mozrunner::runner	INFO	Running command: "C:\\Program Files\\Mozilla Firefox\\firefox.exe" "--marionette" "-foreground" "-no-remote" "-profile" "C:\\Users\\MY\\AppData\\Local\\Temp\\rust_mozprofileDM2vAw"
JavaScript error: resource://gre/modules/XULStore.jsm, line 66: Error: Can't find profile directory.
console.error: SearchCache: "_readCacheFile: Error reading cache file:" (new Error("", "(unknown module)"))
[Parent 4560, Gecko_IOThread] WARNING: file /builds/worker/checkouts/gecko/ipc/chromium/src/base/process_util_win.cc, line 166
console.error: Region.jsm: "Error fetching region" (new AbortError("The operation was aborted. ", (void 0), 697))
console.error: Region.jsm: "Failed to fetch region" (new Error("NO_RESULT", "resource://gre/modules/Region.jsm", 351))
[Parent 4560, Gecko_IOThread] WARNING: file /builds/worker/checkouts/gecko/ipc/chromium/src/base/process_util_win.cc, line 166
1601537053770	Marionette	INFO	Listening on port 50544
1601537054176	Marionette	WARN	TLS certificate errors will be ignored for this session
JavaScript warning: https://pagead2.googlesyndication.com/bg/LfFQ5hcFG3hXPsOLdOnrUHUTGTSsMRvOgIlCDTigNb8.js line 1 > eval line 6223 > eval line 1 > eval, line 1: WebGL warning: <Create>: getContext: Disallowing antialiased backbuffers due to blacklisting. (FEATURE_FAILURE_DL_BLOCKLIST_g1068)
Can't find symbol 'eglSwapBuffersWithDamageEXT'.
[Parent 4560, Gecko_IOThread] WARNING: file /builds/worker/checkouts/gecko/ipc/chromium/src/base/process_util_win.cc, line 166
[Parent 4560, Gecko_IOThread] WARNING: file /builds/worker/checkouts/gecko/ipc/chromium/src/base/process_util_win.cc, line 166
1601537114144	Marionette	INFO	Stopped listening on port 50544
1601537472377	geckodriver	INFO	Listening on 127.0.0.1:51294
1601537475363	mozrunner::runner	INFO	Running command: "C:\\Program Files\\Mozilla Firefox\\firefox.exe" "--marionette" "-foreground" "-no-remote" "-profile" "C:\\Users\\MY\\AppData\\Local\\Temp\\rust_mozprofileo1qRkX"
JavaScript error: resource://gre/modules/XULStore.jsm, line 66: Error: Can't find profile directory.
console.error: SearchCache: "_readCacheFile: Error reading cache file:" (new Error("", "(unknown module)"))
[Parent 6340, Gecko_IOThread] WARNING: file /builds/worker/checkouts/gecko/ipc/chromium/src/base/process_util_win.cc, line 166
1601537510538	Marionette	INFO	Listening on port 51310
1601537511149	Marionette	WARN	TLS certificate errors will be ignored for this session
JavaScript warning: https://pagead2.googlesyndication.com/bg/LfFQ5hcFG3hXPsOLdOnrUHUTGTSsMRvOgIlCDTigNb8.js line 1 > eval line 7515 > eval line 1 > eval, line 1: WebGL warning: <Create>: getContext: Disallowing antialiased backbuffers due to blacklisting. (FEATURE_FAILURE_DL_BLOCKLIST_g1068)
Can't find symbol 'eglSwapBuffersWithDamageEXT'.
[Parent 6340, Gecko_IOThread] WARNING: file /builds/worker/checkouts/gecko/ipc/chromium/src/base/process_util_win.cc, line 166
1601537557220	Marionette	INFO	Stopped listening on port 51310

###!!! [Child][RunMessage] Error: Channel closing: too late to send/recv, messages will be lost

1601538625263	geckodriver	INFO	Listening on 127.0.0.1:53206
1601538628212	mozrunner::runner	INFO	Running command: "C:\\Program Files\\Mozilla Firefox\\firefox.exe" "--marionette" "-foreground" "-no-remote" "-profile" "C:\\Users\\MY\\AppData\\Local\\Temp\\rust_mozprofileqdMDvu"
console.error: SearchCache: "_readCacheFile: Error reading cache file:" (new Error("", "(unknown module)"))
JavaScript error: resource://gre/modules/XULStore.jsm, line 66: Error: Can't find profile directory.
1601538645196	Marionette	INFO	Listening on port 53221
1601538645356	Marionette	WARN	TLS certificate errors will be ignored for this session
JavaScript warning: https://pagead2.googlesyndication.com/bg/LfFQ5hcFG3hXPsOLdOnrUHUTGTSsMRvOgIlCDTigNb8.js line 1 > eval line 7381 > eval line 1 > eval, line 1: WebGL warning: <Create>: getContext: Disallowing antialiased backbuffers due to blacklisting. (FEATURE_FAILURE_DL_BLOCKLIST_g1068)
Can't find symbol 'eglSwapBuffersWithDamageEXT'.
console.warn: LoginRecipes: "getRecipes: falling back to a synchronous message for:" "https://www.rahulshettyacademy.com"
JavaScript error: , line 0: uncaught exception: Object
1601539217101	Marionette	INFO	Stopped listening on port 53221
1601539303024	geckodriver	INFO	Listening on 127.0.0.1:54332
1601539306079	mozrunner::runner	INFO	Running command: "C:\\Program Files\\Mozilla Firefox\\firefox.exe" "--marionette" "-foreground" "-no-remote" "-profile" "C:\\Users\\MY\\AppData\\Local\\Temp\\rust_mozprofileNSRn5B"
JavaScript error: resource://gre/modules/XULStore.jsm, line 66: Error: Can't find profile directory.
console.error: SearchCache: "_readCacheFile: Error reading cache file:" (new Error("", "(unknown module)"))
1601539314839	Marionette	INFO	Listening on port 54344
1601539315142	Marionette	WARN	TLS certificate errors will be ignored for this session
JavaScript warning: https://pagead2.googlesyndication.com/bg/LfFQ5hcFG3hXPsOLdOnrUHUTGTSsMRvOgIlCDTigNb8.js line 1 > eval line 727 > eval line 1 > eval, line 1: WebGL warning: <Create>: getContext: Disallowing antialiased backbuffers due to blacklisting. (FEATURE_FAILURE_DL_BLOCKLIST_g1068)
Can't find symbol 'eglSwapBuffersWithDamageEXT'.
1601539368625	Marionette	INFO	Stopped listening on port 54344

###!!! [Child][RunMessage] Error: Channel closing: too late to send/recv, messages will be lost

1601540276914	geckodriver	INFO	Listening on 127.0.0.1:55853
1601540280343	mozrunner::runner	INFO	Running command: "C:\\Program Files\\Mozilla Firefox\\firefox.exe" "--marionette" "-foreground" "-no-remote" "-profile" "C:\\Users\\MY\\AppData\\Local\\Temp\\rust_mozprofilele5MhI"
console.error: SearchCache: "_readCacheFile: Error reading cache file:" (new Error("", "(unknown module)"))
JavaScript error: resource://gre/modules/XULStore.jsm, line 66: Error: Can't find profile directory.
1601540320295	Marionette	INFO	Listening on port 55869
1601540321006	Marionette	WARN	TLS certificate errors will be ignored for this session
JavaScript warning: https://pagead2.googlesyndication.com/bg/LfFQ5hcFG3hXPsOLdOnrUHUTGTSsMRvOgIlCDTigNb8.js line 1 > eval line 2272 > eval line 1 > eval, line 1: WebGL warning: <Create>: getContext: Disallowing antialiased backbuffers due to blacklisting. (FEATURE_FAILURE_DL_BLOCKLIST_g1068)
Can't find symbol 'eglSwapBuffersWithDamageEXT'.

###!!! [Child][RunMessage] Error: Channel closing: too late to send/recv, messages will be lost

[Parent 8128, Gecko_IOThread] WARNING: file /builds/worker/checkouts/gecko/ipc/chromium/src/base/process_util_win.cc, line 166
1601540353786	Marionette	INFO	Stopped listening on port 55869

###!!! [Child][RunMessage] Error: Channel closing: too late to send/recv, messages will be lost

1601541519957	geckodriver	INFO	Listening on 127.0.0.1:57821
1601541522957	mozrunner::runner	INFO	Running command: "C:\\Program Files\\Mozilla Firefox\\firefox.exe" "--marionette" "-foreground" "-no-remote" "-profile" "C:\\Users\\MY\\AppData\\Local\\Temp\\rust_mozprofileLggB2H"
JavaScript error: resource://gre/modules/XULStore.jsm, line 66: Error: Can't find profile directory.
console.error: SearchCache: "_readCacheFile: Error reading cache file:" (new Error("", "(unknown module)"))
1601541532406	Marionette	INFO	Listening on port 57834
1601541532493	Marionette	WARN	TLS certificate errors will be ignored for this session
console.error: SearchCache: "_buildCache: Could not write to cache file:" (new Error("", "(unknown module)"))
1601541551546	Marionette	WARN	TimedPromise timed out after 500 ms: stacktrace:
TimedPromise/<@chrome://marionette/content/sync.js:245:13
TimedPromise@chrome://marionette/content/sync.js:230:10
interaction.flushEventLoop@chrome://marionette/content/interaction.js:416:10
webdriverClickElement@chrome://marionette/content/interaction.js:182:31
JavaScript warning: https://pagead2.googlesyndication.com/bg/LfFQ5hcFG3hXPsOLdOnrUHUTGTSsMRvOgIlCDTigNb8.js line 1 > eval line 4923 > eval, line 1: WebGL warning: <Create>: getContext: Disallowing antialiased backbuffers due to blacklisting. (FEATURE_FAILURE_DL_BLOCKLIST_g1068)
Can't find symbol 'eglSwapBuffersWithDamageEXT'.

###!!! [Child][RunMessage] Error: Channel closing: too late to send/recv, messages will be lost


###!!! [Child][RunMessage] Error: Channel closing: too late to send/recv, messages will be lost


###!!! [Child][RunMessage] Error: Channel closing: too late to send/recv, messages will be lost

1601541574139	Marionette	INFO	Stopped listening on port 57834

###!!! [Child][RunMessage] Error: Channel closing: too late to send/recv, messages will be lost

1601541965903	geckodriver	INFO	Listening on 127.0.0.1:57024
1601541968989	mozrunner::runner	INFO	Running command: "C:\\Program Files\\Mozilla Firefox\\firefox.exe" "--marionette" "-foreground" "-no-remote" "-profile" "C:\\Users\\MY\\AppData\\Local\\Temp\\rust_mozprofilepk1TKP"
console.error: SearchCache: "_readCacheFile: Error reading cache file:" (new Error("", "(unknown module)"))
JavaScript error: resource://gre/modules/XULStore.jsm, line 66: Error: Can't find profile directory.
1601541977824	Marionette	INFO	Listening on port 57039
1601541978062	Marionette	WARN	TLS certificate errors will be ignored for this session

###!!! [Child][RunMessage] Error: Channel closing: too late to send/recv, messages will be lost


###!!! [Child][RunMessage] Error: Channel closing: too late to send/recv, messages will be lost


###!!! [Child][RunMessage] Error: Channel closing: too late to send/recv, messages will be lost


###!!! [Child][RunMessage] Error: Channel closing: too late to send/recv, messages will be lost


###!!! [Child][RunMessage] Error: Channel closing: too late to send/recv, messages will be lost


###!!! [Child][RunMessage] Error: Channel closing: too late to send/recv, messages will be lost


###!!! [Child][RunMessage] Error: Channel closing: too late to send/recv, messages will be lost

[Parent 7168, Gecko_IOThread] WARNING: file /builds/worker/checkouts/gecko/ipc/chromium/src/base/process_util_win.cc, line 166
1601541998089	Marionette	INFO	Stopped listening on port 57039

###!!! [Child][RunMessage] Error: Channel closing: too late to send/recv, messages will be lost

1601542006876	geckodriver	INFO	Listening on 127.0.0.1:57179
1601542009935	mozrunner::runner	INFO	Running command: "C:\\Program Files\\Mozilla Firefox\\firefox.exe" "--marionette" "-foreground" "-no-remote" "-profile" "C:\\Users\\MY\\AppData\\Local\\Temp\\rust_mozprofiled2LvbP"
console.error: SearchCache: "_readCacheFile: Error reading cache file:" (new Error("", "(unknown module)"))
JavaScript error: resource://gre/modules/XULStore.jsm, line 66: Error: Can't find profile directory.
1601542017110	Marionette	INFO	Listening on port 57191
1601542017297	Marionette	WARN	TLS certificate errors will be ignored for this session
JavaScript warning: https://pagead2.googlesyndication.com/bg/LfFQ5hcFG3hXPsOLdOnrUHUTGTSsMRvOgIlCDTigNb8.js line 1 > eval line 4233 > eval line 1 > eval, line 1: WebGL warning: <Create>: getContext: Disallowing antialiased backbuffers due to blacklisting. (FEATURE_FAILURE_DL_BLOCKLIST_g1068)
Can't find symbol 'eglSwapBuffersWithDamageEXT'.

###!!! [Parent][MessageChannel] Error: (msgtype=0x1D0011,name=PBackgroundStorage::Msg_Observe) Channel error: cannot send/recv

1601542388360	Marionette	INFO	Stopped listening on port 57191
[Parent 6536, Gecko_IOThread] WARNING: pipe error: 232: file /builds/worker/checkouts/gecko/ipc/chromium/src/chrome/common/ipc_channel_win.cc, line 545

###!!! [Child][MessageChannel::SendAndWait] Error: (msgtype=0x5E0005,name=PImageBridge::Msg_WillClose) Channel error: cannot send/recv


1601542272985	Marionette	INFO	Listening on port 57681
1601542273265	Marionette	WARN	TLS certificate errors will be ignored for this session
JavaScript warning: https://pagead2.googlesyndication.com/bg/LfFQ5hcFG3hXPsOLdOnrUHUTGTSsMRvOgIlCDTigNb8.js line 1 > eval line 2427 > eval line 1 > eval, line 1: WebGL warning: <Create>: getContext: Disallowing antialiased backbuffers due to blacklisting. (FEATURE_FAILURE_DL_BLOCKLIST_g1068)
Can't find symbol 'eglSwapBuffersWithDamageEXT'.
[Parent 5020, Gecko_IOThread] WARNING: file /builds/worker/checkouts/gecko/ipc/chromium/src/base/process_util_win.cc, line 166
1601542385452	Marionette	INFO	Stopped listening on port 57681

###!!! [Child][MessageChannel::SendAndWait] Error: Channel error: cannot send/recv
console.error: SearchCache: "_readCacheFile: Error reading cache file:" (new Error("", "(unknown module)"))
JavaScript error: resource://gre/modules/XULStore.jsm, line 66: Error: Can't find profile directory.
1601542394468	Marionette	INFO	Listening on port 57997
1601542394838	Marionette	WARN	TLS certificate errors will be ignored for this session
JavaScript warning: https://pagead2.googlesyndication.com/bg/LfFQ5hcFG3hXPsOLdOnrUHUTGTSsMRvOgIlCDTigNb8.js line 1 > eval line 5380 > eval, line 1: WebGL warning: <Create>: getContext: Disallowing antialiased backbuffers due to blacklisting. (FEATURE_FAILURE_DL_BLOCKLIST_g1068)
Can't find symbol 'eglSwapBuffersWithDamageEXT'.

###!!! [Child][RunMessage] Error: Channel closing: too late to send/recv, messages will be lost

[Parent 7116, Gecko_IOThread] WARNING: file /builds/worker/checkouts/gecko/ipc/chromium/src/base/process_util_win.cc, line 166
1601542458890	Marionette	INFO	Stopped listening on port 57997
1601547544782	geckodriver	INFO	Listening on 127.0.0.1:61260
1601547547908	mozrunner::runner	INFO	Running command: "C:\\Program Files\\Mozilla Firefox\\firefox.exe" "--marionette" "-foreground" "-no-remote" "-profile" "C:\\Users\\MY\\AppData\\Local\\Temp\\rust_mozprofileOAz3fg"
JavaScript error: resource://gre/modules/XULStore.jsm, line 66: Error: Can't find profile directory.
console.error: SearchCache: "_readCacheFile: Error reading cache file:" (new Error("", "(unknown module)"))
[Parent 5732, Gecko_IOThread] WARNING: file /builds/worker/checkouts/gecko/ipc/chromium/src/base/process_util_win.cc, line 166
1601547589252	Marionette	INFO	Listening on port 61274
1601547590004	Marionette	WARN	TLS certificate errors will be ignored for this session
JavaScript warning: https://pagead2.googlesyndication.com/bg/LfFQ5hcFG3hXPsOLdOnrUHUTGTSsMRvOgIlCDTigNb8.js line 1 > eval line 6987 > eval line 1 > eval, line 1: WebGL warning: <Create>: getContext: Disallowing antialiased backbuffers due to blacklisting. (FEATURE_FAILURE_DL_BLOCKLIST_g1068)
Can't find symbol 'eglSwapBuffersWithDamageEXT'.
[Parent 5732, Gecko_IOThread] WARNING: file /builds/worker/checkouts/gecko/ipc/chromium/src/base/process_util_win.cc, line 166
[Parent 5732, Gecko_IOThread] WARNING: file /builds/worker/checkouts/gecko/ipc/chromium/src/base/process_util_win.cc, line 166
1601547633410	Marionette	INFO	Stopped listening on port 61274

###!!! [Child][RunMessage] Error: Channel closing: too late to send/recv, messages will be lost

1601548187942	geckodriver	INFO	Listening on 127.0.0.1:62122
1601548191056	mozrunner::runner	INFO	Running command: "C:\\Program Files\\Mozilla Firefox\\firefox.exe" "--marionette" "-foreground" "-no-remote" "-profile" "C:\\Users\\MY\\AppData\\Local\\Temp\\rust_mozprofileD1Pocg"
JavaScript error: resource://gre/modules/XULStore.jsm, line 66: Error: Can't find profile directory.
console.error: SearchCache: "_readCacheFile: Error reading cache file:" (new Error("", "(unknown module)"))
1601548202257	Marionette	INFO	Listening on port 62133
1601548202575	Marionette	WARN	TLS certificate errors will be ignored for this session
[Parent 6188, Gecko_IOThread] WARNING: file /builds/worker/checkouts/gecko/ipc/chromium/src/base/process_util_win.cc, line 166
1601548232226	Marionette	INFO	Stopped listening on port 62133

###!!! [Child][RunMessage] Error: Channel closing: too late to send/recv, messages will be lost

1601548382975	geckodriver	INFO	Listening on 127.0.0.1:62471
1601548386071	mozrunner::runner	INFO	Running command: "C:\\Program Files\\Mozilla Firefox\\firefox.exe" "--marionette" "-foreground" "-no-remote" "-profile" "C:\\Users\\MY\\AppData\\Local\\Temp\\rust_mozprofilehDre6P"
JavaScript error: resource://gre/modules/XULStore.jsm, line 66: Error: Can't find profile directory.
console.error: SearchCache: "_readCacheFile: Error reading cache file:" (new Error("", "(unknown module)"))
1601548392615	Marionette	INFO	Listening on port 62483
1601548392882	Marionette	WARN	TLS certificate errors will be ignored for this session

###!!! [Parent][RunMessage] Error: Channel error: cannot send/recv

1601548416358	Marionette	INFO	Stopped listening on port 62483

###!!! [Child][RunMessage] Error: Channel closing: too late to send/recv, messages will be lost

1601549022155	geckodriver	INFO	Listening on 127.0.0.1:63193
1601549025239	mozrunner::runner	INFO	Running command: "C:\\Program Files\\Mozilla Firefox\\firefox.exe" "--marionette" "-foreground" "-no-remote" "-profile" "C:\\Users\\MY\\AppData\\Local\\Temp\\rust_mozprofileASxvic"
JavaScript error: resource://gre/modules/XULStore.jsm, line 66: Error: Can't find profile directory.
console.error: SearchCache: "_readCacheFile: Error reading cache file:" (new Error("", "(unknown module)"))
1601549030462	Marionette	INFO	Listening on port 63207
1601549030727	Marionette	WARN	TLS certificate errors will be ignored for this session
[Parent 7848, Gecko_IOThread] WARNING: file /builds/worker/checkouts/gecko/ipc/chromium/src/base/process_util_win.cc, line 166
1601549055164	Marionette	INFO	Stopped listening on port 63207

###!!! [Child][RunMessage] Error: Channel closing: too late to send/recv, messages will be lost

1601551031768	geckodriver	INFO	Listening on 127.0.0.1:50440
1601551034906	mozrunner::runner	INFO	Running command: "C:\\Program Files\\Mozilla Firefox\\firefox.exe" "--marionette" "-foreground" "-no-remote" "-profile" "C:\\Users\\MY\\AppData\\Local\\Temp\\rust_mozprofile42gypd"
JavaScript error: resource://gre/modules/XULStore.jsm, line 66: Error: Can't find profile directory.
console.error: SearchCache: "_readCacheFile: Error reading cache file:" (new Error("", "(unknown module)"))
[Parent 5148, Gecko_IOThread] WARNING: file /builds/worker/checkouts/gecko/ipc/chromium/src/base/process_util_win.cc, line 166
[Parent 5148, Gecko_IOThread] WARNING: file /builds/worker/checkouts/gecko/ipc/chromium/src/base/process_util_win.cc, line 166
console.error: Region.jsm: "Error fetching region" (new AbortError("The operation was aborted. ", (void 0), 697))
console.error: Region.jsm: "Failed to fetch region" (new Error("NO_RESULT", "resource://gre/modules/Region.jsm", 351))
1601551104473	Marionette	INFO	Listening on port 50454
1601551176782	Marionette	INFO	Stopped listening on port 50454
1601551216621	geckodriver	INFO	Listening on 127.0.0.1:50814
1601551219703	mozrunner::runner	INFO	Running command: "C:\\Program Files\\Mozilla Firefox\\firefox.exe" "--marionette" "-foreground" "-no-remote" "-profile" "C:\\Users\\MY\\AppData\\Local\\Temp\\rust_mozprofileOaxm03"
JavaScript error: resource://gre/modules/XULStore.jsm, line 66: Error: Can't find profile directory.
console.error: SearchCache: "_readCacheFile: Error reading cache file:" (new Error("", "(unknown module)"))
[Parent 4028, Gecko_IOThread] WARNING: file /builds/worker/checkouts/gecko/ipc/chromium/src/base/process_util_win.cc, line 166
1601551258937	Marionette	INFO	Listening on port 50825
1601551260047	Marionette	WARN	TLS certificate errors will be ignored for this session
JavaScript error: resource://gre/modules/AsyncShutdown.jsm, line 554: uncaught exception: Object
JavaScript error: resource://gre/modules/AsyncShutdown.jsm, line 554: uncaught exception: Object
1601551301781	Marionette	INFO	Stopped listening on port 50825
JavaScript error: resource:///modules/sessionstore/SessionStore.jsm, line 5324: NS_ERROR_UNEXPECTED: Component returned failure code: 0x8000ffff (NS_ERROR_UNEXPECTED) [nsIWindowMediator.getEnumerator]
1601552910925	geckodriver	INFO	Listening on 127.0.0.1:53689
1601552913991	mozrunner::runner	INFO	Running command: "C:\\Program Files\\Mozilla Firefox\\firefox.exe" "--marionette" "-foreground" "-no-remote" "-profile" "C:\\Users\\MY\\AppData\\Local\\Temp\\rust_mozprofileRKhDVH"
JavaScript error: resource://gre/modules/XULStore.jsm, line 66: Error: Can't find profile directory.
console.error: SearchCache: "_readCacheFile: Error reading cache file:" (new Error("", "(unknown module)"))
[Parent 7260, Gecko_IOThread] WARNING: file /builds/worker/checkouts/gecko/ipc/chromium/src/base/process_util_win.cc, line 166
1601552949016	Marionette	INFO	Listening on port 53702
1601552949727	Marionette	WARN	TLS certificate errors will be ignored for this session
[Parent 7260, Gecko_IOThread] WARNING: file /builds/worker/checkouts/gecko/ipc/chromium/src/base/process_util_win.cc, line 166
1601552968769	Marionette	INFO	Stopped listening on port 53702

###!!! [Child][RunMessage] Error: Channel closing: too late to send/recv, messages will be lost

1601555174614	geckodriver	INFO	Listening on 127.0.0.1:57373
1601555177694	mozrunner::runner	INFO	Running command: "C:\\Program Files\\Mozilla Firefox\\firefox.exe" "--marionette" "-foreground" "-no-remote" "-profile" "C:\\Users\\MY\\AppData\\Local\\Temp\\rust_mozprofileWhqRZZ"
JavaScript error: resource://gre/modules/XULStore.jsm, line 66: Error: Can't find profile directory.
console.error: SearchCache: "_readCacheFile: Error reading cache file:" (new Error("", "(unknown module)"))
1601555190057	Marionette	INFO	Listening on port 57386
1601555190549	Marionette	WARN	TLS certificate errors will be ignored for this session
JavaScript warning: https://pagead2.googlesyndication.com/bg/LfFQ5hcFG3hXPsOLdOnrUHUTGTSsMRvOgIlCDTigNb8.js line 1 > eval line 2864 > eval, line 1: WebGL warning: <Create>: getContext: Disallowing antialiased backbuffers due to blacklisting. (FEATURE_FAILURE_DL_BLOCKLIST_g1068)
Can't find symbol 'eglSwapBuffersWithDamageEXT'.
1601555226138	Marionette	INFO	Stopped listening on port 57386

###!!! [Child][RunMessage] Error: Channel closing: too late to send/recv, messages will be lost

1601555256833	geckodriver	INFO	Listening on 127.0.0.1:57600
1601555259916	mozrunner::runner	INFO	Running command: "C:\\Program Files\\Mozilla Firefox\\firefox.exe" "--marionette" "-foreground" "-no-remote" "-profile" "C:\\Users\\MY\\AppData\\Local\\Temp\\rust_mozprofileVhCMyS"
console.error: SearchCache: "_readCacheFile: Error reading cache file:" (new Error("", "(unknown module)"))
JavaScript error: resource://gre/modules/XULStore.jsm, line 66: Error: Can't find profile directory.
1601555266063	Marionette	INFO	Listening on port 57615
1601555266123	Marionette	WARN	TLS certificate errors will be ignored for this session
JavaScript warning: https://pagead2.googlesyndication.com/bg/LfFQ5hcFG3hXPsOLdOnrUHUTGTSsMRvOgIlCDTigNb8.js line 1 > eval line 6418 > eval line 1 > eval, line 1: WebGL warning: <Create>: getContext: Disallowing antialiased backbuffers due to blacklisting. (FEATURE_FAILURE_DL_BLOCKLIST_g1068)
Can't find symbol 'eglSwapBuffersWithDamageEXT'.

###!!! [Child][RunMessage] Error: Channel closing: too late to send/recv, messages will be lost

1601555297139	Marionette	INFO	Stopped listening on port 57615
1601555691876	geckodriver	INFO	Listening on 127.0.0.1:58350
1601555694910	mozrunner::runner	INFO	Running command: "C:\\Program Files\\Mozilla Firefox\\firefox.exe" "--marionette" "-foreground" "-no-remote" "-profile" "C:\\Users\\MY\\AppData\\Local\\Temp\\rust_mozprofilevxuFze"
JavaScript error: resource://gre/modules/XULStore.jsm, line 66: Error: Can't find profile directory.
console.error: SearchCache: "_readCacheFile: Error reading cache file:" (new Error("", "(unknown module)"))
1601555705845	Marionette	INFO	Listening on port 58364
1601555706361	Marionette	WARN	TLS certificate errors will be ignored for this session
JavaScript warning: https://pagead2.googlesyndication.com/bg/LfFQ5hcFG3hXPsOLdOnrUHUTGTSsMRvOgIlCDTigNb8.js line 1 > eval line 4550 > eval line 1 > eval, line 1: WebGL warning: <Create>: getContext: Disallowing antialiased backbuffers due to blacklisting. (FEATURE_FAILURE_DL_BLOCKLIST_g1068)
Can't find symbol 'eglSwapBuffersWithDamageEXT'.
[Parent 5624, Gecko_IOThread] WARNING: pipe error: 232: file /builds/worker/checkouts/gecko/ipc/chromium/src/chrome/common/ipc_channel_win.cc, line 545
[Parent 5624, Gecko_IOThread] WARNING: file /builds/worker/checkouts/gecko/ipc/chromium/src/base/process_util_win.cc, line 166
JavaScript error: resource:///modules/WindowsJumpLists.jsm, line 315: TypeError: this._builder is undefined
[Parent 5624, Gecko_IOThread] WARNING: file /builds/worker/checkouts/gecko/ipc/chromium/src/base/process_util_win.cc, line 166
1601556069561	Marionette	INFO	Stopped listening on port 58364
base/process_util_win.cc, line 166
1601555971909	Marionette	INFO	Listening on port 58842
1601555972849	Marionette	WARN	TLS certificate errors will be ignored for this session
JavaScript warning: https://pagead2.googlesyndication.com/bg/LfFQ5hcFG3hXPsOLdOnrUHUTGTSsMRvOgIlCDTigNb8.js line 1 > eval line 2966 > eval line 1 > eval, line 1: WebGL warning: <Create>: getContext: Disallowing antialiased backbuffers due to blacklisting. (FEATURE_FAILURE_DL_BLOCKLIST_g1068)
Can't find symbol 'eglSwapBuffersWithDamageEXT'.
1601555999938	Marionette	INFO	Stopped listening on port 58842

###!!! [Child][MessageChannel::SendAndWait] Error: Channel error: cannot send/recv

1601556092885	geckodriver	INFO	Listening on 127.0.0.1:59146
1601556095976	mozrunner::runner	INFO	Running command: "C:\\Program Files\\Mozilla Firefox\\firefox.exe" "--marionette" "-foreground" "-no-remote" "-profile" "C:\\Users\\MY\\AppData\\Local\\Temp\\rust_mozprofile3crwdK"
JavaScript error: resource://gre/modules/XULStore.jsm, line 66: Error: Can't find profile directory.
console.error: SearchCache: "_readCacheFile: Error reading cache file:" (new Error("", "(unknown module)"))
1601556102852	Marionette	INFO	Listening on port 59159
1601556102944	Marionette	WARN	TLS certificate errors will be ignored for this session
JavaScript warning: https://pagead2.googlesyndication.com/bg/LfFQ5hcFG3hXPsOLdOnrUHUTGTSsMRvOgIlCDTigNb8.js line 1 > eval line 4153 > eval, line 1: WebGL warning: <Create>: getContext: Disallowing antialiased backbuffers due to blacklisting. (FEATURE_FAILURE_DL_BLOCKLIST_g1068)
Can't find symbol 'eglSwapBuffersWithDamageEXT'.
JavaScript error: resource://gre/modules/AsyncShutdown.jsm, line 554: uncaught exception: Object
1601556131075	Marionette	INFO	Stopped listening on port 59159
1601556606790	geckodriver	INFO	Listening on 127.0.0.1:59904
1601556609826	mozrunner::runner	INFO	Running command: "C:\\Program Files\\Mozilla Firefox\\firefox.exe" "--marionette" "-foreground" "-no-remote" "-profile" "C:\\Users\\MY\\AppData\\Local\\Temp\\rust_mozprofile591pZA"
JavaScript error: resource://gre/modules/XULStore.jsm, line 66: Error: Can't find profile directory.
console.error: SearchCache: "_readCacheFile: Error reading cache file:" (new Error("", "(unknown module)"))
1601556615589	Marionette	INFO	Listening on port 59915
1601556616009	Marionette	WARN	TLS certificate errors will be ignored for this session
JavaScript warning: https://pagead2.googlesyndication.com/bg/LfFQ5hcFG3hXPsOLdOnrUHUTGTSsMRvOgIlCDTigNb8.js line 1 > eval line 1527 > eval line 1 > eval, line 1: WebGL warning: <Create>: getContext: Disallowing antialiased backbuffers due to blacklisting. (FEATURE_FAILURE_DL_BLOCKLIST_g1068)
Can't find symbol 'eglSwapBuffersWithDamageEXT'.
JavaScript error: , line 0: uncaught exception: Object
1601556643856	Marionette	INFO	Stopped listening on port 59915

###!!! [Child][RunMessage] Error: Channel closing: too late to send/recv, messages will be lost

1601556722286	geckodriver	INFO	Listening on 127.0.0.1:60134
1601556725284	mozrunner::runner	INFO	Running command: "C:\\Program Files\\Mozilla Firefox\\firefox.exe" "--marionette" "-foreground" "-no-remote" "-profile" "C:\\Users\\MY\\AppData\\Local\\Temp\\rust_mozprofileIbJPLm"
JavaScript error: resource://gre/modules/XULStore.jsm, line 66: Error: Can't find profile directory.
console.error: SearchCache: "_readCacheFile: Error reading cache file:" (new Error("", "(unknown module)"))
1601556731363	Marionette	INFO	Listening on port 60148
1601556731634	Marionette	WARN	TLS certificate errors will be ignored for this session
JavaScript warning: https://pagead2.googlesyndication.com/bg/LfFQ5hcFG3hXPsOLdOnrUHUTGTSsMRvOgIlCDTigNb8.js line 1 > eval line 1625 > eval line 1 > eval, line 1: WebGL warning: <Create>: getContext: Disallowing antialiased backbuffers due to blacklisting. (FEATURE_FAILURE_DL_BLOCKLIST_g1068)
Can't find symbol 'eglSwapBuffersWithDamageEXT'.
1601556751237	Marionette	INFO	Stopped listening on port 60148

###!!! [Child][RunMessage] Error: Channel closing: too late to send/recv, messages will be lost

1601556863972	geckodriver	INFO	Listening on 127.0.0.1:60404
1601556866991	mozrunner::runner	INFO	Running command: "C:\\Program Files\\Mozilla Firefox\\firefox.exe" "--marionette" "-foreground" "-no-remote" "-profile" "C:\\Users\\MY\\AppData\\Local\\Temp\\rust_mozprofileJMRBfg"
JavaScript error: resource://gre/modules/XULStore.jsm, line 66: Error: Can't find profile directory.
console.error: SearchCache: "_readCacheFile: Error reading cache file:" (new Error("", "(unknown module)"))
1601556872955	Marionette	INFO	Listening on port 60416
1601556873419	Marionette	WARN	TLS certificate errors will be ignored for this session
JavaScript warning: https://pagead2.googlesyndication.com/bg/LfFQ5hcFG3hXPsOLdOnrUHUTGTSsMRvOgIlCDTigNb8.js line 1 > eval line 1556 > eval, line 1: WebGL warning: <Create>: getContext: Disallowing antialiased backbuffers due to blacklisting. (FEATURE_FAILURE_DL_BLOCKLIST_g1068)
Can't find symbol 'eglSwapBuffersWithDamageEXT'.
[Parent 7624, Gecko_IOThread] WARNING: file /builds/worker/checkouts/gecko/ipc/chromium/src/base/process_util_win.cc, line 166
1601556892057	Marionette	INFO	Stopped listening on port 60416

###!!! [Child][MessageChannel::SendAndWait] Error: (msgtype=0x5E0005,name=PImageBridge::Msg_WillClose) Channel error: cannot send/recv

1601557001467	geckodriver	INFO	Listening on 127.0.0.1:60673
1601557004515	mozrunner::runner	INFO	Running command: "C:\\Program Files\\Mozilla Firefox\\firefox.exe" "--marionette" "-foreground" "-no-remote" "-profile" "C:\\Users\\MY\\AppData\\Local\\Temp\\rust_mozprofilejvraTS"
JavaScript error: resource://gre/modules/XULStore.jsm, line 66: Error: Can't find profile directory.
console.error: SearchCache: "_readCacheFile: Error reading cache file:" (new Error("", "(unknown module)"))
1601557011861	Marionette	INFO	Listening on port 60684
1601557012034	Marionette	WARN	TLS certificate errors will be ignored for this session
JavaScript warning: https://pagead2.googlesyndication.com/bg/LfFQ5hcFG3hXPsOLdOnrUHUTGTSsMRvOgIlCDTigNb8.js line 1 > eval line 7542 > eval line 1 > eval, line 1: WebGL warning: <Create>: getContext: Disallowing antialiased backbuffers due to blacklisting. (FEATURE_FAILURE_DL_BLOCKLIST_g1068)
Can't find symbol 'eglSwapBuffersWithDamageEXT'.

###!!! [Child][RunMessage] Error: Channel closing: too late to send/recv, messages will be lost

[Parent 5992, Gecko_IOThread] WARNING: file /builds/worker/checkouts/gecko/ipc/chromium/src/base/process_util_win.cc, line 166
[Parent 5992, Gecko_IOThread] WARNING: file /builds/worker/checkouts/gecko/ipc/chromium/src/base/process_util_win.cc, line 166
1601557199213	Marionette	INFO	Stopped listening on port 60684

###!!! [Child][RunMessage] Error: Channel closing: too late to send/recv, messages will be lost

1601557214383	geckodriver	INFO	Listening on 127.0.0.1:61078
1601557217455	mozrunner::runner	INFO	Running command: "C:\\Program Files\\Mozilla Firefox\\firefox.exe" "--marionette" "-foreground" "-no-remote" "-profile" "C:\\Users\\MY\\AppData\\Local\\Temp\\rust_mozprofile7OPB6b"
console.error: SearchCache: "_readCacheFile: Error reading cache file:" (new Error("", "(unknown module)"))
JavaScript error: resource://gre/modules/XULStore.jsm, line 66: Error: Can't find profile directory.
1601557224053	Marionette	INFO	Listening on port 61090
1601557224155	Marionette	WARN	TLS certificate errors will be ignored for this session
JavaScript warning: https://pagead2.googlesyndication.com/bg/LfFQ5hcFG3hXPsOLdOnrUHUTGTSsMRvOgIlCDTigNb8.js line 1 > eval line 2654 > eval line 1 > eval, line 1: WebGL warning: <Create>: getContext: Disallowing antialiased backbuffers due to blacklisting. (FEATURE_FAILURE_DL_BLOCKLIST_g1068)
Can't find symbol 'eglSwapBuffersWithDamageEXT'.
1601557260808	Marionette	INFO	Stopped listening on port 61090
1601623187295	geckodriver	INFO	Listening on 127.0.0.1:49972
1601623190512	mozrunner::runner	INFO	Running command: "C:\\Program Files\\Mozilla Firefox\\firefox.exe" "--marionette" "-foreground" "-no-remote" "-profile" "C:\\Users\\MY\\AppData\\Local\\Temp\\rust_mozprofiletIEDn5"
JavaScript error: resource://gre/modules/XULStore.jsm, line 66: Error: Can't find profile directory.
console.error: SearchCache: "_readCacheFile: Error reading cache file:" (new Error("", "(unknown module)"))
[Parent 3344, Gecko_IOThread] WARNING: file /builds/worker/checkouts/gecko/ipc/chromium/src/base/process_util_win.cc, line 166
[Parent 3344, Gecko_IOThread] WARNING: file /builds/worker/checkouts/gecko/ipc/chromium/src/base/process_util_win.cc, line 166
1601623234437	Marionette	INFO	Listening on port 49985
1601623234875	Marionette	WARN	TLS certificate errors will be ignored for this session
JavaScript warning: https://pagead2.googlesyndication.com/bg/7s9jpwiuU7qHsmLdS4JQTEZg9pPlRoS5hI2AHG-C1Mk.js line 1 > eval line 2614 > eval, line 1: WebGL warning: <Create>: getContext: Disallowing antialiased backbuffers due to blacklisting. (FEATURE_FAILURE_DL_BLOCKLIST_g1068)
Can't find symbol 'eglSwapBuffersWithDamageEXT'.
1601623267932	Marionette	INFO	Stopped listening on port 49985

###!!! [Child][RunMessage] Error: Channel closing: too late to send/recv, messages will be lost

JavaScript error: resource://gre/modules/osfile/osfile_async_front.jsm, line 426: Error: OS.File has been shut down. Rejecting post to DirectoryIterator_prototype_close
JavaScript error: resource://gre/modules/osfile/osfile_async_front.jsm, line 446: Error: OS.File has been shut down. Rejecting request to DirectoryIterator_prototype_next
1601623430746	geckodriver	INFO	Listening on 127.0.0.1:50237
1601623433862	mozrunner::runner	INFO	Running command: "C:\\Program Files\\Mozilla Firefox\\firefox.exe" "--marionette" "-foreground" "-no-remote" "-profile" "C:\\Users\\MY\\AppData\\Local\\Temp\\rust_mozprofileVVzuWt"
JavaScript error: resource://gre/modules/XULStore.jsm, line 66: Error: Can't find profile directory.
console.error: SearchCache: "_readCacheFile: Error reading cache file:" (new Error("", "(unknown module)"))
1601623444050	Marionette	INFO	Listening on port 50247
1601623444390	Marionette	WARN	TLS certificate errors will be ignored for this session
JavaScript warning: https://pagead2.googlesyndication.com/bg/7s9jpwiuU7qHsmLdS4JQTEZg9pPlRoS5hI2AHG-C1Mk.js line 1 > eval line 337 > eval, line 1: WebGL warning: <Create>: getContext: Disallowing antialiased backbuffers due to blacklisting. (FEATURE_FAILURE_DL_BLOCKLIST_g1068)
Can't find symbol 'eglSwapBuffersWithDamageEXT'.
JavaScript error: , line 0: uncaught exception: Object
[Parent 6232, Gecko_IOThread] WARNING: file /builds/worker/checkouts/gecko/ipc/chromium/src/base/process_util_win.cc, line 166
JavaScript error: resource://gre/modules/AsyncShutdown.jsm, line 554: uncaught exception: Object
1601623626577	Marionette	INFO	Stopped listening on port 50247

###!!! [Child][RunMessage] Error: Channel closing: too late to send/recv, messages will be lost

1601623649415	geckodriver	INFO	Listening on 127.0.0.1:50484
1601623652461	mozrunner::runner	INFO	Running command: "C:\\Program Files\\Mozilla Firefox\\firefox.exe" "--marionette" "-foreground" "-no-remote" "-profile" "C:\\Users\\MY\\AppData\\Local\\Temp\\rust_mozprofilestY8rz"
JavaScript error: resource://gre/modules/XULStore.jsm, line 66: Error: Can't find profile directory.
console.error: SearchCache: "_readCacheFile: Error reading cache file:" (new Error("", "(unknown module)"))
1601623666257	Marionette	INFO	Listening on port 50494
1601623666708	Marionette	WARN	TLS certificate errors will be ignored for this session
JavaScript warning: https://pagead2.googlesyndication.com/bg/7s9jpwiuU7qHsmLdS4JQTEZg9pPlRoS5hI2AHG-C1Mk.js line 1 > eval line 7292 > eval line 1 > eval, line 1: WebGL warning: <Create>: getContext: Disallowing antialiased backbuffers due to blacklisting. (FEATURE_FAILURE_DL_BLOCKLIST_g1068)
Can't find symbol 'eglSwapBuffersWithDamageEXT'.
1601623710499	Marionette	INFO	Stopped listening on port 50494

###!!! [Child][RunMessage] Error: Channel closing: too late to send/recv, messages will be lost

